DiscordPHPBot
Loading config file from /var/www/Discord/DiscordPHPBot/config.json
Initilizing the bot...
Initilized bot.
Loading commands...
Loaded commands.
Starting the bot...
DiscordPHPBot
Loading config file from /var/www/Discord/DiscordPHPBot/config.json
Initilizing the bot...
Initilized bot.
Loading commands...
Loaded commands.
Starting the bot...
[Auth] User Coment blocked from running !eval, <@100629839312068608>
[Auth] User Coment blocked from running !setlevel, <@100629839312068608>
DiscordPHPBot
Loading config file from /var/www/Discord/DiscordPHPBot/config.json
Initilizing the bot...
PHP Notice:  Undefined index: email in /var/www/Discord/DiscordPHPBot/src/Bot.php on line 51
PHP Notice:  Undefined index: password in /var/www/Discord/DiscordPHPBot/src/Bot.php on line 51
Could not initilize bot. Error code 400: This usually means you have entered an incorrect Email or Password. BAD REQUEST
DiscordPHPBot
Loading config file from /var/www/Discord/DiscordPHPBot/config.json
Initilizing the bot...
PHP Notice:  Undefined index: email in /var/www/Discord/DiscordPHPBot/src/Bot.php on line 51
PHP Notice:  Undefined index: password in /var/www/Discord/DiscordPHPBot/src/Bot.php on line 51
Could not initilize bot. Error code 400: This usually means you have entered an incorrect Email or Password. BAD REQUEST
DiscordPHPBot
Loading config file from /var/www/Discord/DiscordPHPBot/config.json
Initilizing the bot...
Initilized bot.
Loading commands...
Loaded commands.
Starting the bot...
[Error] 8 Undefined offset: 999
[Error] 8 Undefined offset: 999
DiscordPHPBot
Loading config file from /var/www/Discord/DiscordPHPBot/config.json
Initilizing the bot...
Initilized bot.
Loading commands...
Loaded commands.
Starting the bot...
[Error] 8 Undefined offset: 999
[Error] 8 Undefined offset: 8
[Error] 8 Undefined offset: 999
DiscordPHPBot
Loading config file from /var/www/Discord/DiscordPHPBot/config.json
Initilizing the bot...
Initilized bot.
Loading commands...
Loaded commands.
Starting the bot...
[Close] WebSocket was closed.
DiscordPHPBot
Loading config file from /home/coment/Discord/DiscordPHPBot/config.json
Initilizing the bot...
Initilized bot.
Loading commands...
Loaded commands.
Starting the bot...
[Auth] User Coment blocked from running !meme, <@100629839312068608>
[Auth] User Coment blocked from running !setlevel, <@100629839312068608>
DiscordPHPBot
Loading config file from /home/coment/Discord/DiscordPHPBot/config.json
Initilizing the bot...
Initilized bot.
Loading commands...
Loaded commands.
Starting the bot...
PHP Parse error:  syntax error, unexpected '$commandResearch' (T_VARIABLE) in /home/coment/Discord/DiscordPHPBot/bot.php on line 45
DiscordPHPBot
Loading config file from /home/coment/Discord/DiscordPHPBot/config.json
Initilizing the bot...
Initilized bot.
Loading commands...
PHP Fatal error:  Namespace declaration statement has to be the very first statement in the script in /home/coment/Discord/DiscordPHPBot/src/Commands/Coinflip.php on line 6
DiscordPHPBot
Loading config file from /home/coment/Discord/DiscordPHPBot/config.json
Initilizing the bot...
Initilized bot.
Loading commands...
PHP Parse error:  syntax error, unexpected '->' (T_OBJECT_OPERATOR) in /home/coment/Discord/DiscordPHPBot/src/Commands/ReloadCommands.php on line 18
DiscordPHPBot
Loading config file from /home/coment/Discord/DiscordPHPBot/config.json
Initilizing the bot...
Initilized bot.
Loading commands...
PHP Parse error:  syntax error, unexpected '->' (T_OBJECT_OPERATOR) in /home/coment/Discord/DiscordPHPBot/src/Commands/ReloadCommands.php on line 22
DiscordPHPBot
Loading config file from /home/coment/Discord/DiscordPHPBot/config.json
Initilizing the bot...
Initilized bot.
Loading commands...
PHP Parse error:  syntax error, unexpected '->' (T_OBJECT_OPERATOR) in /home/coment/Discord/DiscordPHPBot/src/Commands/ReloadCommands.php on line 22
DiscordPHPBot
Loading config file from /home/coment/Discord/DiscordPHPBot/config.json
Initilizing the bot...
Initilized bot.
Loading commands...
Loaded commands.
Starting the bot...
DiscordPHPBot
Loading config file from /home/coment/Discord/DiscordPHPBot/config.json
Initilizing the bot...
Initilized bot.
Loading commands...
Loaded commands.
Starting the bot...
[Error] 2 file_get_contents(./command_files/dankmemes.json): failed to open stream: No such file or directory
PHP Parse error:  syntax error, unexpected '.' in /home/coment/Discord/DiscordPHPBot/src/Commands/Restart.php(23) : eval()'d code on line 1
DiscordPHPBot
Loading config file from /home/coment/Discord/DiscordPHPBot/config.json
Initilizing the bot...
Initilized bot.
Loading commands...
Loaded commands.
Starting the bot...
--
PHP Parse error:  syntax error, unexpected '.' in /home/coment/Discord/DiscordPHPBot/src/Commands/Restart.php(23) : eval()'d code on line 1
PHP Fatal error:  Call to a member function listeners() on null in /home/coment/Discord/DiscordPHPBot/src/Commands/ReloadCommands.php on line 21
DiscordPHPBot
Loading config file from /home/coment/Discord/DiscordPHPBot/config.json
Initilizing the bot...
Initilized bot.
Loading commands...
Loaded commands.
Starting the bot...
--
PHP Fatal error:  Call to a member function listeners() on null in /home/coment/Discord/DiscordPHPBot/src/Commands/ReloadCommands.php on line 21
DiscordPHPBot
Loading config file from /home/coment/Discord/DiscordPHPBot/config.json
Initilizing the bot...
Initilized bot.
Loading commands...
Loaded commands.
Starting the bot...
====
PHP Parse error:  syntax error, unexpected '.' in /home/coment/Discord/DiscordPHPBot/src/Commands/Restart.php(23) : eval()'d code on line 1
DiscordPHPBot
Loading config file from /home/coment/Discord/DiscordPHPBot/config.json
Initilizing the bot...
Initilized bot.
Loading commands...
Loaded commands.
Starting the bot...
=================================
PHP Parse error:  syntax error, unexpected '.' in /home/coment/Discord/DiscordPHPBot/src/Commands/Restart.php(23) : eval()'d code on line 1
DiscordPHPBot
Loading config file from /home/coment/Discord/DiscordPHPBot/config.json
Initilizing the bot...
Initilized bot.
Loading commands...
Loaded commands.
Starting the bot...
DiscordPHPBot
Loading config file from /home/coment/Discord/DiscordPHPBot/config.json
Initilizing the bot...
Initilized bot.
Loading commands...
Loaded commands.
Starting the bot...
PHP Parse error:  syntax error, unexpected 'sv_restart' (T_STRING) in /home/coment/Discord/DiscordPHPBot/src/Commands/Restart.php(23) : eval()'d code on line 1
DiscordPHPBot
Loading config file from /home/coment/Discord/DiscordPHPBot/config.json
Initilizing the bot...
Initilized bot.
Loading commands...
Loaded commands.
Starting the bot...
PHP Parse error:  syntax error, unexpected '/' in /home/coment/Discord/DiscordPHPBot/src/Commands/Restart.php(23) : eval()'d code on line 1
DiscordPHPBot
Loading config file from /home/coment/Discord/DiscordPHPBot/config.json
Initilizing the bot...
Initilized bot.
Loading commands...
Loaded commands.
Starting the bot...
DiscordPHPBot
Loading config file from /home/coment/Discord/DiscordPHPBot/config.json
Initilizing the bot...
Initilized bot.
Loading commands...
Loaded commands.
Starting the bot...
./sv_restart.sh: line 1: php bot.php: command not found
Killed
[Close] WebSocket was closed.
DiscordPHPBot
Loading config file from /home/coment/Discord/DiscordPHPBot/config.json
Initilizing the bot...
Initilized bot.
Loading commands...
Loaded commands.
Starting the bot...
./sv_restart.sh: line 1: php bot.php: command not found
Killed
PHP Fatal error:  Call to a member function listeners() on null in /home/coment/Discord/DiscordPHPBot/src/Commands/ReloadCommands.php on line 21
DiscordPHPBot
Loading config file from /home/coment/Discord/DiscordPHPBot/config.json
Initilizing the bot...
Initilized bot.
Loading commands...
Loaded commands.
Starting the bot...
[Error] 2 file_get_contents(./command_files/dankmemes.json): failed to open stream: No such file or directory
[Error] 2 file_get_contents(./command_files/dankmemes.json): failed to open stream: No such file or directory
[Error] 2 file_get_contents(./command_files/dankmemes.json): failed to open stream: No such file or directory
[Error] 2 file_get_contents(./command_files/dankmemes.json): failed to open stream: No such file or directory
[Error] 2 file_get_contents(./command_files/dankmemes.json): failed to open stream: No such file or directory
[Error] 2 file_get_contents(./command_files/dankmemes.json): failed to open stream: No such file or directory
[Auth] User Filomeno blocked from running !restart, <@70180057267580928>
[Auth] User Filomeno blocked from running !flush, <@70180057267580928>
[Error] 2 file_get_contents(./command_files/dankmemes.json): failed to open stream: No such file or directory
[Auth] User Kirillov blocked from running !restart, <@62799100910776320>
[Error] 2 file_get_contents(./command_files/dankmemes.json): failed to open stream: No such file or directory
[Error] 2 file_get_contents(./command_files/dankmemes.json): failed to open stream: No such file or directory
[Error] 2 file_get_contents(./command_files/dankmemes.json): failed to open stream: No such file or directory
[Error] 2 file_get_contents(./command_files/dankmemes.json): failed to open stream: No such file or directory
[Error] 2 file_get_contents(./command_files/dankmemes.json): failed to open stream: No such file or directory
[Error] 8 Undefined property: stdClass::$name
Error while running or starting the bot. Undefined property: stdClass::$name
DiscordPHPBot
Loading config file from /home/coment/Discord/DiscordPHPBot/config.json
Initilizing the bot...
Initilized bot.
Loading commands...
Loaded commands.
Starting the bot...
DiscordPHPBot
Loading config file from /home/coment/Discord/DiscordPHPBot/config.json
Initilizing the bot...
Initilized bot.
Loading commands...
Loaded commands.
Starting the bot...
DiscordPHPBot
Loading config file from /home/coment/Discord/DiscordPHPBot/config.json
Initilizing the bot...
Initilized bot.
Loading commands...
Loaded commands.
Starting the bot...
DiscordPHPBot
Loading config file from /home/coment/Discord/DiscordPHPBot/config.json
Initilizing the bot...
Initilized bot.
Loading commands...
Loaded commands.
Starting the bot...
DiscordPHPBot
Loading config file from /home/coment/Discord/DiscordPHPBot/config.json
Initilizing the bot...
Initilized bot.
Loading commands...
Loaded commands.
Starting the bot...
[Error] 2 file_get_contents(./command_files/dankmemes.json): failed to open stream: No such file or directory
DiscordPHPBot
Loading config file from /home/coment/Discord/DiscordPHPBot/config.json
Initilizing the bot...
Initilized bot.
Loading commands...
PHP Parse error:  syntax error, unexpected ''/command_files/dankmemes.json' (T_CONSTANT_ENCAPSED_STRING) in /home/coment/Discord/DiscordPHPBot/src/Commands/Meme.php on line 21
DiscordPHPBot
Loading config file from /home/coment/Discord/DiscordPHPBot/config.json
Initilizing the bot...
Initilized bot.
Loading commands...
PHP Parse error:  syntax error, unexpected ''/command_files/dankmemes.json' (T_CONSTANT_ENCAPSED_STRING) in /home/coment/Discord/DiscordPHPBot/src/Commands/Meme.php on line 21
DiscordPHPBot
Loading config file from /home/coment/Discord/DiscordPHPBot/config.json
Initilizing the bot...
Initilized bot.
Loading commands...
Loaded commands.
Starting the bot...
[Error] 2 file_get_contents(/home/coment/Discord/DiscordPHPBot/src/Commands/command_files/dankmemes.json): failed to open stream: No such file or directory
DiscordPHPBot
Loading config file from /home/coment/Discord/DiscordPHPBot/config.json
Initilizing the bot...
Initilized bot.
Loading commands...
Loaded commands.
Starting the bot...
